[01:09:02] [Server thread/INFO]: glekio lost connection: TextComponent{text='Disconnected', siblings=[], style=Style{hasParent=false, color=null, bold=null, italic=null, underlined=null, obfuscated=null, clickEvent=null, hoverEvent=null, insertion=null}}
[01:09:02] [Server thread/INFO]: glekio left the game
[01:09:22] [Server thread/INFO]: glekio[/192.168.0.6:57362] logged in with entity id 141149 at (-425.69999998807907, 19.0, -12.680044349636804)
[01:09:22] [Server thread/INFO]: glekio joined the game
[01:20:12] [Server thread/INFO]: glekio lost connection: TranslatableComponent{key='disconnect.genericReason', args=[Internal Exception: java.io.IOException: Error while write(...): Broken pipe], siblings=[], style=Style{hasParent=false, color=null, bold=null, italic=null, underlined=null, obfuscated=null, clickEvent=null, hoverEvent=null, insertion=null}}
[01:20:12] [Server thread/INFO]: glekio left the game
[01:20:34] [Server thread/INFO]: glekio[/192.168.0.6:60371] logged in with entity id 160770 at (-397.58497405859396, 64.0, 180.06050345635688)
[01:20:34] [Server thread/INFO]: glekio joined the game
[01:31:56] [Server thread/INFO]: <JorgeeeGil> zzzzz
[01:31:57] [Server thread/INFO]: <JorgeeeGil> zzzzzz
[01:31:59] [Server thread/INFO]: <JorgeeeGil> zzzzzz
[01:32:02] [Server thread/INFO]: glekio lost connection: TextComponent{text='Disconnected', siblings=[], style=Style{hasParent=false, color=null, bold=null, italic=null, underlined=null, obfuscated=null, clickEvent=null, hoverEvent=null, insertion=null}}
[01:32:02] [Server thread/INFO]: glekio left the game
[01:33:21] [Server thread/INFO]: glekio[/192.168.0.6:63816] logged in with entity id 185288 at (-408.395836628581, 67.5, 193.69151024572312)
[01:33:21] [Server thread/INFO]: glekio joined the game
[01:44:58] [Server thread/INFO]: * glekio sleep
[01:45:17] [Server thread/INFO]: * glekio sleep
[01:45:19] [Server thread/INFO]: * JorgeeeGil sleep
[01:45:27] [Server thread/INFO]: * glekio sleep
[01:45:30] [Server thread/INFO]: * JorgeeeGil sleep
[01:45:39] [Server thread/INFO]: * glekio eat
[01:45:43] [Server thread/INFO]: * glekio run
[01:45:47] [Server thread/INFO]: * glekio fuck
[01:45:52] [Server thread/INFO]: * glekio fuck
[01:45:54] [Server thread/INFO]: JorgeeeGil lost connection: TextComponent{text='Disconnected', siblings=[], style=Style{hasParent=false, color=null, bold=null, italic=null, underlined=null, obfuscated=null, clickEvent=null, hoverEvent=null, insertion=null}}
[01:45:54] [Server thread/INFO]: JorgeeeGil left the game
[01:46:14] [Server thread/INFO]: * glekio time
[01:46:22] [Server thread/INFO]: * glekio ban
[01:47:21] [Server thread/INFO]: glekio lost connection: TextComponent{text='Disconnected', siblings=[], style=Style{hasParent=false, color=null, bold=null, italic=null, underlined=null, obfuscated=null, clickEvent=null, hoverEvent=null, insertion=null}}
[01:47:21] [Server thread/INFO]: glekio left the game
[01:47:29] [Server thread/INFO]: Saving...
[01:47:29] [Server thread/INFO]: Saved the world
